HyperRogue: game statistics (version 5.5a)
5.5a 1427302687 1427302747 0 0 1 4524 0 0 0 0 0 0 0 0 0 0 0 0 0 0 0 0 0 0 0 0 0 0 0 0 0 0 0 0 0 0 0 0 0 0 0 0 0 0 0 0 0 0 0 0 0 0 0 0 0 0 0 0 0 0 0 0 0 0 0 60 1 0 4 0 0 0 0 0 0 0 0 0
Played on: 03/25/15 16:58:07 - 03/25/15 16:59:07 (1 turns)
Total wealth: 0
Total enemies killed: 0
cells generated: 4524
Number of cells explored, by distance from the player:
 2 11 29 62 120 220 393 691 1204 2088
heptagons travelled: 0





HyperRogue: game statistics (version 5.5a)
5.5a 1427302834 1427302864 1 0 8 9369 0 1 0 0 0 0 0 0 0 0 0 0 0 0 0 0 0 0 0 0 0 0 0 0 0 0 0 0 0 0 0 0 0 0 0 0 0 0 0 0 0 0 0 0 0 0 0 0 0 0 0 0 0 0 0 0 0 0 0 30 1 0 4 0 0 0 0 0 0 0 0 0
Played on: 03/25/15 17:00:34 - 03/25/15 17:01:04 (8 turns)
Total wealth: 1
Total enemies killed: 0
cells generated: 9369
Number of cells explored, by distance from the player:
 8 32 70 136 250 444 780 1358 2352 4066
heptagons travelled: 4

   1x Ice Diamond




HyperRogue: game statistics (version 5.5a)
5.5a 1427473458 1427473560 17 6 122 61433 0 17 0 0 0 0 0 0 0 0 0 0 0 0 0 0 7 3 3 0 0 0 0 0 0 0 0 0 0 0 0 0 0 0 0 0 0 0 0 0 0 0 0 0 0 0 0 0 0 0 0 0 0 0 0 0 0 0 0 199 1 0 4 0 0 0 0 0 0 0 0 0
Played on: 03/27/15 16:24:18 - 03/27/15 16:26:00 (122 turns)
Total wealth: 17
Total enemies killed: 6
cells generated: 61433
Number of cells explored, by distance from the player:
 99 296 576 1036 1817 3152 5449 9402 16206 27925
walls melted: 7
heptagons travelled: 29

  17x Ice Diamond

   3x Yeti <1>
   3x Icewolf <2>



HyperRogue: game statistics (version 5.5a)
5.5a 1427473563 1427473634 12 9 108 55851 0 12 0 0 0 0 0 0 0 0 0 0 0 0 0 0 0 7 2 0 0 0 0 0 0 0 0 0 0 0 0 0 0 0 0 0 0 0 0 0 0 0 0 0 0 0 0 0 0 0 0 0 0 0 0 0 0 0 0 138 1 0 4 0 0 0 0 0 0 0 0 0
Played on: 03/27/15 16:26:03 - 03/27/15 16:27:14 (108 turns)
Total wealth: 12
Total enemies killed: 9
cells generated: 55851
Number of cells explored, by distance from the player:
 87 258 511 922 1619 2811 4860 8388 14460 24917
heptagons travelled: 26

  12x Ice Diamond

   7x Yeti <1>
   2x Icewolf <2>



HyperRogue: game statistics (version 5.5a)
5.5a 1427473636 1427473808 15 29 247 118604 0 15 0 0 0 0 0 0 0 0 0 0 0 0 0 0 18 20 9 0 0 0 0 0 0 0 0 0 0 0 0 0 0 0 0 0 0 0 0 0 0 0 0 0 0 0 0 0 0 0 0 0 0 0 0 0 0 0 0 336 1 0 4 0 0 0 0 0 0 0 0 0
Played on: 03/27/15 16:27:16 - 03/27/15 16:30:08 (247 turns)
Total wealth: 15
Total enemies killed: 29
cells generated: 118604
Number of cells explored, by distance from the player:
 196 584 1129 2020 3535 6118 10564 18217 31384 54067
walls melted: 18
heptagons travelled: 57

  15x Ice Diamond

  20x Yeti <1>
   9x Icewolf <2>



HyperRogue: game statistics (version 5.5a)
5.5a 1427473808 1427473917 15 13 212 90064 0 15 0 0 0 0 0 0 0 0 0 0 0 0 0 0 3 5 8 0 0 0 0 0 0 0 0 0 0 0 0 0 0 0 0 0 0 0 0 0 0 0 0 0 0 0 0 0 0 0 0 0 0 0 0 0 0 0 0 216 1 0 4 0 0 0 0 0 0 0 0 0
Played on: 03/27/15 16:30:08 - 03/27/15 16:31:57 (212 turns)
Total wealth: 15
Total enemies killed: 13
cells generated: 90064
Number of cells explored, by distance from the player:
 158 450 862 1533 2681 4644 8016 13828 23827 41047
walls melted: 3
heptagons travelled: 36

  15x Ice Diamond

   5x Yeti <1>
   8x Icewolf <2>



HyperRogue: game statistics (version 5.5a)
5.5a 1427529986 1427530022 7 1 52 29450 0 7 0 0 0 0 0 0 0 0 0 0 0 0 0 0 0 0 1 0 0 0 0 0 0 0 0 0 0 0 0 0 0 0 0 0 0 0 0 0 0 0 0 0 0 0 0 0 0 0 0 0 0 0 0 0 0 0 0 69 1 0 4 0 0 0 0 0 0 0 0 0
Played on: 03/28/15 08:06:26 - 03/28/15 08:07:02 (52 turns)
Total wealth: 7
Total enemies killed: 1
cells generated: 29450
Number of cells explored, by distance from the player:
 47 135 268 486 859 1498 2595 4486 7740 13343
heptagons travelled: 13

   7x Ice Diamond

   1x Icewolf <2>



HyperRogue: game statistics (version 5.5a)
5.5a 1427530022 1427530120 19 12 148 76023 0 19 0 0 0 0 0 0 0 0 0 0 0 0 0 0 0 4 8 0 0 0 0 0 0 0 0 0 0 0 0 0 0 0 0 0 0 0 0 0 0 0 0 0 0 0 0 0 0 0 0 0 0 0 0 0 0 0 0 194 1 0 4 0 0 0 0 0 0 0 0 0
Played on: 03/28/15 08:07:02 - 03/28/15 08:08:40 (148 turns)
Total wealth: 19
Total enemies killed: 12
cells generated: 76023
Number of cells explored, by distance from the player:
 125 370 721 1289 2258 3914 6760 11663 20099 34628
heptagons travelled: 32

  19x Ice Diamond

   4x Yeti <1>
   8x Icewolf <2>



HyperRogue: game statistics (version 5.5a)
5.5a 1427530120 1427530259 19 32 183 84352 0 19 0 0 0 0 0 0 0 0 0 0 0 0 0 0 16 18 14 0 0 0 0 0 0 0 0 0 0 0 0 0 0 0 0 0 0 0 0 0 0 0 0 0 0 0 0 0 0 0 0 0 0 0 0 0 0 0 0 276 1 0 4 0 0 0 0 0 0 0 0 0
Played on: 03/28/15 08:08:40 - 03/28/15 08:10:59 (183 turns)
Total wealth: 19
Total enemies killed: 32
cells generated: 84352
Number of cells explored, by distance from the player:
 135 401 789 1415 2480 4300 7426 12811 22077 38034
walls melted: 16
heptagons travelled: 41

  19x Ice Diamond

  18x Yeti <1>
  14x Icewolf <2>



HyperRogue: game statistics (version 5.5a)
5.5a 1427537082 1427537215 22 23 165 84048 0 22 0 0 0 0 0 0 0 0 0 0 0 0 0 0 0 15 8 0 0 0 0 0 0 0 0 0 0 0 0 0 0 0 0 0 0 0 0 0 0 0 0 0 0 0 0 0 0 0 0 0 0 0 0 0 0 0 0 264 1 0 4 0 0 0 0 0 0 0 0 0
Played on: 03/28/15 10:04:42 - 03/28/15 10:06:55 (165 turns)
Total wealth: 22
Total enemies killed: 23
cells generated: 84048
Number of cells explored, by distance from the player:
 135 402 788 1417 2484 4306 7439 12832 22113 38098
heptagons travelled: 43

  22x Ice Diamond

  15x Yeti <1>
   8x Icewolf <2>



HyperRogue: game statistics (version 5.5a)
5.5a 1427537215 1427537279 4 1 56 25400 0 4 0 0 0 0 0 0 0 0 0 0 0 0 0 0 0 1 0 0 0 0 0 0 0 0 0 0 0 4 0 4 0 0 0 0 0 0 0 0 0 0 0 0 0 0 0 0 0 0 0 0 0 0 0 0 0 0 0 124 1 0 6 0 0 0 0 0 0 0 0 0
Played on: 03/28/15 10:06:55 - 03/28/15 10:07:59 (56 turns)
Total wealth: 4
Total enemies killed: 1
cells generated: 25400
Number of cells explored, by distance from the player:
 36 114 228 419 741 1294 2246 3882 6701 11555
heptagons travelled: 12

   4x Ice Diamond

   1x Yeti <1>
   4x Active Ivy <13>
   4x Dormant Ivy <15>



HyperRogue: game statistics (version 5.5a)
5.5a 1427537279 1427537416 12 6 124 62085 0 12 0 0 0 0 0 0 0 0 0 0 0 0 0 0 2 3 3 0 0 0 0 0 0 0 0 0 0 0 0 0 0 0 0 0 0 0 0 0 0 0 0 0 0 0 0 0 0 0 0 0 0 0 0 0 0 0 0 137 1 0 4 0 0 0 0 0 0 0 0 0
Played on: 03/28/15 10:07:59 - 03/28/15 10:10:16 (124 turns)
Total wealth: 12
Total enemies killed: 6
cells generated: 62085
Number of cells explored, by distance from the player:
 99 295 575 1036 1818 3154 5453 9409 16218 27946
walls melted: 2
heptagons travelled: 30

  12x Ice Diamond

   3x Yeti <1>
   3x Icewolf <2>



HyperRogue: game statistics (version 5.5a)
5.5a 1427537417 1427537541 12 18 145 77660 0 12 0 0 0 0 0 0 0 0 0 0 0 0 0 0 0 8 9 0 0 0 0 0 0 0 0 0 0 0 0 0 0 0 0 0 0 0 0 0 1 0 0 0 0 0 0 0 0 0 0 0 0 0 0 0 0 0 0 246 1 0 4 0 0 0 0 0 0 0 0 0
Played on: 03/28/15 10:10:17 - 03/28/15 10:12:21 (145 turns)
Total wealth: 12
Total enemies killed: 18
cells generated: 77660
Number of cells explored, by distance from the player:
 119 367 728 1308 2295 3983 6878 11868 20454 35237
heptagons travelled: 46

  12x Ice Diamond

   8x Yeti <1>
   9x Icewolf <2>
   1x Eagle <24>



HyperRogue: game statistics (version 5.5a)
5.5a 1427537541 1427537800 28 63 296 146242 0 28 0 0 0 0 0 0 0 0 0 0 0 0 0 0 3 32 31 0 0 0 0 0 0 0 0 0 0 0 0 0 0 0 0 0 0 0 0 0 0 0 0 0 0 0 0 0 0 0 0 0 0 0 0 0 0 0 0 511 1 0 4 0 0 0 0 0 0 0 0 0
Played on: 03/28/15 10:12:21 - 03/28/15 10:16:40 (296 turns)
Total wealth: 28
Total enemies killed: 63
cells generated: 146242
Number of cells explored, by distance from the player:
 226 699 1377 2473 4332 7501 12948 22328 38465 66260
walls melted: 3
heptagons travelled: 85

  28x Ice Diamond

  32x Yeti <1>
  31x Icewolf <2>



HyperRogue: game statistics (version 5.5a)
5.5a 1428163544 1428163554 1 0 3 6339 0 1 0 0 0 0 0 0 0 0 0 0 0 0 0 0 0 0 0 0 0 0 0 0 0 0 0 0 0 0 0 0 0 0 0 0 0 0 0 0 0 0 0 0 0 0 0 0 0 0 0 0 0 0 0 0 0 0 0 10 1 0 4 0 0 0 0 0 0 0 0 0
Played on: 04/04/15 17:05:44 - 04/04/15 17:05:54 (3 turns)
Total wealth: 1
Total enemies killed: 0
cells generated: 6339
Number of cells explored, by distance from the player:
 4 18 42 85 160 289 512 896 1557 2696
heptagons travelled: 1

   1x Ice Diamond




